0 info it worked if it ends with ok
1 verbose cli [ 'node', '/usr/local/bin/npm', 'install' ]
2 info using npm@1.4.28
3 info using node@v0.10.32
4 warn package.json midterm@1.0.0 No repository field.
5 verbose readDependencies using package.json deps
6 verbose install where, deps [ '/Users/maruyamanaofumi/Desktop/midterm',
6 verbose install   [ 'express', 'gulp', 'gulp-util' ] ]
7 info preinstall midterm@1.0.0
8 verbose readDependencies using package.json deps
9 verbose cache add [ 'express@^4.10.1', null ]
10 verbose cache add name=undefined spec="express@^4.10.1" args=["express@^4.10.1",null]
11 verbose parsed url { protocol: null,
11 verbose parsed url   slashes: null,
11 verbose parsed url   auth: null,
11 verbose parsed url   host: null,
11 verbose parsed url   port: null,
11 verbose parsed url   hostname: null,
11 verbose parsed url   hash: null,
11 verbose parsed url   search: null,
11 verbose parsed url   query: null,
11 verbose parsed url   pathname: 'express@^4.10.1',
11 verbose parsed url   path: 'express@^4.10.1',
11 verbose parsed url   href: 'express@^4.10.1' }
12 verbose cache add [ 'gulp@^3.8.9', null ]
13 verbose cache add name=undefined spec="gulp@^3.8.9" args=["gulp@^3.8.9",null]
14 verbose parsed url { protocol: null,
14 verbose parsed url   slashes: null,
14 verbose parsed url   auth: null,
14 verbose parsed url   host: null,
14 verbose parsed url   port: null,
14 verbose parsed url   hostname: null,
14 verbose parsed url   hash: null,
14 verbose parsed url   search: null,
14 verbose parsed url   query: null,
14 verbose parsed url   pathname: 'gulp@^3.8.9',
14 verbose parsed url   path: 'gulp@^3.8.9',
14 verbose parsed url   href: 'gulp@^3.8.9' }
15 verbose cache add name="express" spec="^4.10.1" args=["express","^4.10.1"]
16 verbose parsed url { protocol: null,
16 verbose parsed url   slashes: null,
16 verbose parsed url   auth: null,
16 verbose parsed url   host: null,
16 verbose parsed url   port: null,
16 verbose parsed url   hostname: null,
16 verbose parsed url   hash: null,
16 verbose parsed url   search: null,
16 verbose parsed url   query: null,
16 verbose parsed url   pathname: '^4.10.1',
16 verbose parsed url   path: '^4.10.1',
16 verbose parsed url   href: '^4.10.1' }
17 verbose addNamed [ 'express', '^4.10.1' ]
18 verbose addNamed [ null, '>=4.10.1-0 <5.0.0-0' ]
19 verbose cache add [ 'gulp-util@^3.0.1', null ]
20 verbose cache add name=undefined spec="gulp-util@^3.0.1" args=["gulp-util@^3.0.1",null]
21 verbose parsed url { protocol: null,
21 verbose parsed url   slashes: null,
21 verbose parsed url   auth: null,
21 verbose parsed url   host: null,
21 verbose parsed url   port: null,
21 verbose parsed url   hostname: null,
21 verbose parsed url   hash: null,
21 verbose parsed url   search: null,
21 verbose parsed url   query: null,
21 verbose parsed url   pathname: 'gulp-util@^3.0.1',
21 verbose parsed url   path: 'gulp-util@^3.0.1',
21 verbose parsed url   href: 'gulp-util@^3.0.1' }
22 verbose cache add name="gulp" spec="^3.8.9" args=["gulp","^3.8.9"]
23 verbose parsed url { protocol: null,
23 verbose parsed url   slashes: null,
23 verbose parsed url   auth: null,
23 verbose parsed url   host: null,
23 verbose parsed url   port: null,
23 verbose parsed url   hostname: null,
23 verbose parsed url   hash: null,
23 verbose parsed url   search: null,
23 verbose parsed url   query: null,
23 verbose parsed url   pathname: '^3.8.9',
23 verbose parsed url   path: '^3.8.9',
23 verbose parsed url   href: '^3.8.9' }
24 verbose addNamed [ 'gulp', '^3.8.9' ]
25 verbose addNamed [ null, '>=3.8.9-0 <4.0.0-0' ]
26 silly lockFile aba69ddd-express-4-10-1 express@^4.10.1
27 verbose lock express@^4.10.1 /Users/maruyamanaofumi/.npm/aba69ddd-express-4-10-1.lock
28 silly lockFile 2a6cb516-gulp-3-8-9 gulp@^3.8.9
29 verbose lock gulp@^3.8.9 /Users/maruyamanaofumi/.npm/2a6cb516-gulp-3-8-9.lock
30 verbose cache add name="gulp-util" spec="^3.0.1" args=["gulp-util","^3.0.1"]
31 verbose parsed url { protocol: null,
31 verbose parsed url   slashes: null,
31 verbose parsed url   auth: null,
31 verbose parsed url   host: null,
31 verbose parsed url   port: null,
31 verbose parsed url   hostname: null,
31 verbose parsed url   hash: null,
31 verbose parsed url   search: null,
31 verbose parsed url   query: null,
31 verbose parsed url   pathname: '^3.0.1',
31 verbose parsed url   path: '^3.0.1',
31 verbose parsed url   href: '^3.0.1' }
32 verbose addNamed [ 'gulp-util', '^3.0.1' ]
33 verbose addNamed [ null, '>=3.0.1-0 <4.0.0-0' ]
34 silly lockFile f979aec2-gulp-util-3-0-1 gulp-util@^3.0.1
35 verbose lock gulp-util@^3.0.1 /Users/maruyamanaofumi/.npm/f979aec2-gulp-util-3-0-1.lock
36 silly addNameRange { name: 'express', range: '>=4.10.1-0 <5.0.0-0', hasData: false }
37 silly addNameRange { name: 'gulp', range: '>=3.8.9-0 <4.0.0-0', hasData: false }
38 silly addNameRange { name: 'gulp-util',
38 silly addNameRange   range: '>=3.0.1-0 <4.0.0-0',
38 silly addNameRange   hasData: false }
39 verbose request where is /express
40 verbose request registry https://registry.npmjs.org/
41 verbose request id 392d26eb8ff7f565
42 verbose url raw /express
43 verbose url resolving [ 'https://registry.npmjs.org/', './express' ]
44 verbose url resolved https://registry.npmjs.org/express
45 verbose request where is https://registry.npmjs.org/express
46 info trying registry request attempt 1 at 09:40:28
47 verbose etag "9VWKYZ1F4O5IC5ARH8TR2R278"
48 http GET https://registry.npmjs.org/express
49 verbose request where is /gulp
50 verbose request registry https://registry.npmjs.org/
51 verbose url raw /gulp
52 verbose url resolving [ 'https://registry.npmjs.org/', './gulp' ]
53 verbose url resolved https://registry.npmjs.org/gulp
54 verbose request where is https://registry.npmjs.org/gulp
55 info trying registry request attempt 1 at 09:40:28
56 verbose etag "8FIG7CJ3YGULA0FTLNHXSUPWZ"
57 http GET https://registry.npmjs.org/gulp
58 verbose request where is /gulp-util
59 verbose request registry https://registry.npmjs.org/
60 verbose url raw /gulp-util
61 verbose url resolving [ 'https://registry.npmjs.org/', './gulp-util' ]
62 verbose url resolved https://registry.npmjs.org/gulp-util
63 verbose request where is https://registry.npmjs.org/gulp-util
64 info trying registry request attempt 1 at 09:40:28
65 verbose etag "A72WMRN78BOGBZDM3EZXA0X5F"
66 http GET https://registry.npmjs.org/gulp-util
67 http 304 https://registry.npmjs.org/gulp-util
68 silly registry.get cb [ 304,
68 silly registry.get   { date: 'Thu, 13 Nov 2014 00:40:26 GMT',
68 silly registry.get     server: 'Apache',
68 silly registry.get     via: '1.1 varnish',
68 silly registry.get     'last-modified': 'Thu, 13 Nov 2014 00:40:26 GMT',
68 silly registry.get     'cache-control': 'max-age=60',
68 silly registry.get     etag: '"A72WMRN78BOGBZDM3EZXA0X5F"',
68 silly registry.get     age: '0',
68 silly registry.get     'x-served-by': 'cache-ty66-TYO',
68 silly registry.get     'x-cache': 'HIT',
68 silly registry.get     'x-cache-hits': '1',
68 silly registry.get     'x-timer': 'S1415839226.045676,VS0,VE122',
68 silly registry.get     vary: 'Accept',
68 silly registry.get     'content-length': '0',
68 silly registry.get     'keep-alive': 'timeout=10, max=50',
68 silly registry.get     connection: 'Keep-Alive' } ]
69 verbose etag https://registry.npmjs.org/gulp-util from cache
70 silly addNameRange number 2 { name: 'gulp-util', range: '>=3.0.1-0 <4.0.0-0', hasData: true }
71 silly addNameRange versions [ 'gulp-util',
71 silly addNameRange   [ '0.0.1',
71 silly addNameRange     '1.0.0',
71 silly addNameRange     '1.1.0',
71 silly addNameRange     '1.1.1',
71 silly addNameRange     '1.2.0',
71 silly addNameRange     '1.3.0',
71 silly addNameRange     '2.0.0',
71 silly addNameRange     '2.1.1',
71 silly addNameRange     '2.1.2',
71 silly addNameRange     '2.1.3',
71 silly addNameRange     '2.1.4',
71 silly addNameRange     '2.2.0',
71 silly addNameRange     '2.2.1',
71 silly addNameRange     '2.2.2',
71 silly addNameRange     '2.2.3',
71 silly addNameRange     '2.2.5',
71 silly addNameRange     '2.2.6',
71 silly addNameRange     '2.2.7',
71 silly addNameRange     '2.2.8',
71 silly addNameRange     '2.2.9',
71 silly addNameRange     '2.2.10',
71 silly addNameRange     '2.2.11',
71 silly addNameRange     '2.2.12',
71 silly addNameRange     '2.2.13',
71 silly addNameRange     '2.2.14',
71 silly addNameRange     '2.2.15',
71 silly addNameRange     '2.2.16',
71 silly addNameRange     '2.2.17',
71 silly addNameRange     '2.2.18',
71 silly addNameRange     '2.2.19',
71 silly addNameRange     '2.2.20',
71 silly addNameRange     '3.0.0',
71 silly addNameRange     '3.0.1' ] ]
72 verbose addNamed [ 'gulp-util', '3.0.1' ]
73 verbose addNamed [ '3.0.1', '3.0.1' ]
74 silly lockFile ea8d3cdd-gulp-util-3-0-1 gulp-util@3.0.1
75 verbose lock gulp-util@3.0.1 /Users/maruyamanaofumi/.npm/ea8d3cdd-gulp-util-3-0-1.lock
76 silly lockFile ea8d3cdd-gulp-util-3-0-1 gulp-util@3.0.1
77 silly lockFile ea8d3cdd-gulp-util-3-0-1 gulp-util@3.0.1
78 silly lockFile f979aec2-gulp-util-3-0-1 gulp-util@^3.0.1
79 silly lockFile f979aec2-gulp-util-3-0-1 gulp-util@^3.0.1
80 http 200 https://registry.npmjs.org/gulp
81 silly registry.get cb [ 200,
81 silly registry.get   { date: 'Thu, 13 Nov 2014 00:40:26 GMT',
81 silly registry.get     server: 'CouchDB/1.5.0 (Erlang OTP/R16B03)',
81 silly registry.get     etag: '"2589FWDBOKQ5NS0TEFOCZ9ZG2"',
81 silly registry.get     'content-type': 'application/json',
81 silly registry.get     'cache-control': 'max-age=60',
81 silly registry.get     'content-length': '95524',
81 silly registry.get     'accept-ranges': 'bytes',
81 silly registry.get     via: '1.1 varnish',
81 silly registry.get     age: '0',
81 silly registry.get     'x-served-by': 'cache-ty67-TYO',
81 silly registry.get     'x-cache': 'HIT',
81 silly registry.get     'x-cache-hits': '1',
81 silly registry.get     'x-timer': 'S1415839226.042112,VS0,VE179',
81 silly registry.get     vary: 'Accept',
81 silly registry.get     'keep-alive': 'timeout=10, max=50',
81 silly registry.get     connection: 'Keep-Alive' } ]
82 silly addNameRange number 2 { name: 'gulp', range: '>=3.8.9-0 <4.0.0-0', hasData: true }
83 silly addNameRange versions [ 'gulp',
83 silly addNameRange   [ '0.0.1',
83 silly addNameRange     '0.0.2',
83 silly addNameRange     '0.0.3',
83 silly addNameRange     '0.0.4',
83 silly addNameRange     '0.0.5',
83 silly addNameRange     '0.0.7',
83 silly addNameRange     '0.0.8',
83 silly addNameRange     '0.0.9',
83 silly addNameRange     '0.1.0',
83 silly addNameRange     '0.2.0',
83 silly addNameRange     '1.0.0',
83 silly addNameRange     '1.1.0',
83 silly addNameRange     '1.2.0',
83 silly addNameRange     '1.2.1',
83 silly addNameRange     '2.0.0',
83 silly addNameRange     '2.0.1',
83 silly addNameRange     '2.1.0',
83 silly addNameRange     '2.2.0',
83 silly addNameRange     '2.3.0',
83 silly addNameRange     '2.4.0',
83 silly addNameRange     '2.4.1',
83 silly addNameRange     '2.6.0',
83 silly addNameRange     '2.6.1',
83 silly addNameRange     '2.7.0',
83 silly addNameRange     '3.0.0',
83 silly addNameRange     '3.1.1',
83 silly addNameRange     '3.1.2',
83 silly addNameRange     '3.1.3',
83 silly addNameRange     '3.1.4',
83 silly addNameRange     '3.2.0',
83 silly addNameRange     '3.2.1',
83 silly addNameRange     '3.2.2',
83 silly addNameRange     '3.2.3',
83 silly addNameRange     '3.2.4',
83 silly addNameRange     '3.2.5',
83 silly addNameRange     '3.3.0',
83 silly addNameRange     '3.3.1',
83 silly addNameRange     '3.3.2',
83 silly addNameRange     '3.3.4',
83 silly addNameRange     '3.4.0',
83 silly addNameRange     '3.5.0',
83 silly addNameRange     '3.5.1',
83 silly addNameRange     '3.5.2',
83 silly addNameRange     '3.5.5',
83 silly addNameRange     '3.5.6',
83 silly addNameRange     '3.6.0',
83 silly addNameRange     '3.6.1',
83 silly addNameRange     '3.6.2',
83 silly addNameRange     '3.7.0',
83 silly addNameRange     '3.8.0',
83 silly addNameRange     '3.8.1',
83 silly addNameRange     '3.8.2',
83 silly addNameRange     '3.8.3',
83 silly addNameRange     '3.8.4',
83 silly addNameRange     '3.8.5',
83 silly addNameRange     '3.8.6',
83 silly addNameRange     '3.8.7',
83 silly addNameRange     '3.8.8',
83 silly addNameRange     '3.8.9',
83 silly addNameRange     '3.8.10' ] ]
84 verbose addNamed [ 'gulp', '3.8.10' ]
85 verbose addNamed [ '3.8.10', '3.8.10' ]
86 silly lockFile f843d0d7-gulp-3-8-10 gulp@3.8.10
87 verbose lock gulp@3.8.10 /Users/maruyamanaofumi/.npm/f843d0d7-gulp-3-8-10.lock
88 silly lockFile f843d0d7-gulp-3-8-10 gulp@3.8.10
89 silly lockFile f843d0d7-gulp-3-8-10 gulp@3.8.10
90 silly lockFile 2a6cb516-gulp-3-8-9 gulp@^3.8.9
91 silly lockFile 2a6cb516-gulp-3-8-9 gulp@^3.8.9
92 http 200 https://registry.npmjs.org/express
93 silly registry.get cb [ 200,
93 silly registry.get   { date: 'Thu, 13 Nov 2014 00:40:26 GMT',
93 silly registry.get     server: 'CouchDB/1.5.0 (Erlang OTP/R16B03)',
93 silly registry.get     etag: '"CEK5SQHPFYH9499SPZF2QKCA2"',
93 silly registry.get     'content-type': 'application/json',
93 silly registry.get     'cache-control': 'max-age=60',
93 silly registry.get     'content-length': '421722',
93 silly registry.get     'accept-ranges': 'bytes',
93 silly registry.get     via: '1.1 varnish',
93 silly registry.get     age: '0',
93 silly registry.get     'x-served-by': 'cache-ty67-TYO',
93 silly registry.get     'x-cache': 'HIT',
93 silly registry.get     'x-cache-hits': '1',
93 silly registry.get     'x-timer': 'S1415839226.042694,VS0,VE739',
93 silly registry.get     vary: 'Accept',
93 silly registry.get     'keep-alive': 'timeout=10, max=50',
93 silly registry.get     connection: 'Keep-Alive' } ]
94 silly addNameRange number 2 { name: 'express', range: '>=4.10.1-0 <5.0.0-0', hasData: true }
95 silly addNameRange versions [ 'express',
95 silly addNameRange   [ '0.14.0',
95 silly addNameRange     '0.14.1',
95 silly addNameRange     '1.0.0',
95 silly addNameRange     '1.0.1',
95 silly addNameRange     '1.0.2',
95 silly addNameRange     '1.0.3',
95 silly addNameRange     '1.0.4',
95 silly addNameRange     '1.0.5',
95 silly addNameRange     '1.0.6',
95 silly addNameRange     '1.0.7',
95 silly addNameRange     '1.0.8',
95 silly addNameRange     '2.0.0',
95 silly addNameRange     '2.1.0',
95 silly addNameRange     '2.1.1',
95 silly addNameRange     '2.2.0',
95 silly addNameRange     '2.2.1',
95 silly addNameRange     '2.2.2',
95 silly addNameRange     '2.3.0',
95 silly addNameRange     '2.3.1',
95 silly addNameRange     '2.3.2',
95 silly addNameRange     '2.3.3',
95 silly addNameRange     '2.3.4',
95 silly addNameRange     '2.3.5',
95 silly addNameRange     '2.3.6',
95 silly addNameRange     '2.3.7',
95 silly addNameRange     '2.3.8',
95 silly addNameRange     '2.3.9',
95 silly addNameRange     '2.3.10',
95 silly addNameRange     '2.3.11',
95 silly addNameRange     '2.3.12',
95 silly addNameRange     '2.4.0',
95 silly addNameRange     '2.4.1',
95 silly addNameRange     '2.4.2',
95 silly addNameRange     '2.4.3',
95 silly addNameRange     '2.4.4',
95 silly addNameRange     '2.4.5',
95 silly addNameRange     '2.4.6',
95 silly addNameRange     '2.4.7',
95 silly addNameRange     '2.5.0',
95 silly addNameRange     '2.5.1',
95 silly addNameRange     '2.5.2',
95 silly addNameRange     '2.5.3',
95 silly addNameRange     '2.5.4',
95 silly addNameRange     '2.5.5',
95 silly addNameRange     '2.5.6',
95 silly addNameRange     '2.5.7',
95 silly addNameRange     '2.5.8',
95 silly addNameRange     '2.5.9',
95 silly addNameRange     '2.5.10',
95 silly addNameRange     '2.5.11',
95 silly addNameRange     '3.0.0',
95 silly addNameRange     '3.0.1',
95 silly addNameRange     '3.0.2',
95 silly addNameRange     '3.0.3',
95 silly addNameRange     '3.0.4',
95 silly addNameRange     '3.0.5',
95 silly addNameRange     '3.0.6',
95 silly addNameRange     '3.1.0',
95 silly addNameRange     '3.1.1',
95 silly addNameRange     '3.1.2',
95 silly addNameRange     '3.2.0',
95 silly addNameRange     '3.2.1',
95 silly addNameRange     '3.2.2',
95 silly addNameRange     '3.2.3',
95 silly addNameRange     '3.2.4',
95 silly addNameRange     '3.2.5',
95 silly addNameRange     '3.2.6',
95 silly addNameRange     '3.3.0',
95 silly addNameRange     '3.3.1',
95 silly addNameRange     '3.3.2',
95 silly addNameRange     '3.3.3',
95 silly addNameRange     '3.3.4',
95 silly addNameRange     '3.3.5',
95 silly addNameRange     '3.3.6',
95 silly addNameRange     '1.0.0-beta',
95 silly addNameRange     '1.0.0-beta2',
95 silly addNameRange     '1.0.0-rc',
95 silly addNameRange     '1.0.0-rc2',
95 silly addNameRange     '1.0.0-rc3',
95 silly addNameRange     '1.0.0-rc4',
95 silly addNameRange     '2.0.0-beta',
95 silly addNameRange     '2.0.0-beta2',
95 silly addNameRange     '2.0.0-beta3',
95 silly addNameRange     '2.0.0-rc',
95 silly addNameRange     '2.0.0-rc2',
95 silly addNameRange     '2.0.0-rc3',
95 silly addNameRange     '3.0.0-alpha1',
95 silly addNameRange     '3.0.0-alpha2',
95 silly addNameRange     '3.0.0-alpha3',
95 silly addNameRange     '3.0.0-alpha4',
95 silly addNameRange     '3.0.0-alpha5',
95 silly addNameRange     '3.0.0-beta1',
95 silly addNameRange     '3.0.0-beta2',
95 silly addNameRange     '3.0.0-beta3',
95 silly addNameRange     '3.0.0-beta4',
95 silly addNameRange     '3.0.0-beta6',
95 silly addNameRange     '3.0.0-beta7',
95 silly addNameRange     '3.0.0-rc1',
95 silly addNameRange     '3.0.0-rc2',
95 silly addNameRange     '3.0.0-rc3',
95 silly addNameRange     '3.0.0-rc4',
95 silly addNameRange     '3.0.0-rc5',
95 silly addNameRange     '3.3.7',
95 silly addNameRange     '3.3.8',
95 silly addNameRange     '3.4.0',
95 silly addNameRange     '3.4.1',
95 silly addNameRange     '3.4.2',
95 silly addNameRange     '3.4.3',
95 silly addNameRange     '3.4.4',
95 silly addNameRange     '3.4.5',
95 silly addNameRange     '3.4.6',
95 silly addNameRange     '3.4.7',
95 silly addNameRange     '3.4.8',
95 silly addNameRange     '4.0.0-rc1',
95 silly addNameRange     '4.0.0-rc2',
95 silly addNameRange     '3.5.0',
95 silly addNameRange     '4.0.0-rc3',
95 silly addNameRange     '4.0.0-rc4',
95 silly addNameRange     '3.5.1',
95 silly addNameRange     '4.0.0',
95 silly addNameRange     '3.5.2',
95 silly addNameRange     '4.1.0',
95 silly addNameRange     '4.1.1',
95 silly addNameRange     '3.5.3',
95 silly addNameRange     '4.1.2',
95 silly addNameRange     '3.6.0',
95 silly addNameRange     '4.2.0',
95 silly addNameRange     '3.7.0',
95 silly addNameRange     '3.8.0',
95 silly addNameRange     '4.3.0',
95 silly addNameRange     '4.3.1',
95 silly addNameRange     '3.8.1',
95 silly addNameRange     '4.3.2',
95 silly addNameRange     '3.9.0',
95 silly addNameRange     '4.4.0',
95 silly addNameRange     '4.4.1',
95 silly addNameRange     '3.10.0',
95 silly addNameRange     '3.10.1',
95 silly addNameRange     '3.10.2',
95 silly addNameRange     '3.10.3',
95 silly addNameRange     '3.10.4',
95 silly addNameRange     '4.4.2',
95 silly addNameRange     '3.10.5',
95 silly addNameRange     '4.4.3',
95 silly addNameRange     '3.11.0',
95 silly addNameRange     '4.4.4',
95 silly addNameRange     '3.12.0',
95 silly addNameRange     '3.12.1',
95 silly addNameRange     '4.4.5',
95 silly addNameRange     '3.13.0',
95 silly addNameRange     '4.5.0',
95 silly addNameRange     '4.5.1',
95 silly addNameRange     '3.14.0',
95 silly addNameRange     '4.6.0',
95 silly addNameRange     '4.6.1',
95 silly addNameRange     '3.15.0',
95 silly addNameRange     '4.7.0',
95 silly addNameRange     '3.15.1',
95 silly addNameRange     '4.7.1',
95 silly addNameRange     '3.15.2',
95 silly addNameRange     '4.7.2',
95 silly addNameRange     '4.7.3',
95 silly addNameRange     '3.15.3',
95 silly addNameRange     '4.7.4',
95 silly addNameRange     '3.16.0',
95 silly addNameRange     '4.8.0',
95 silly addNameRange     '3.16.1',
95 silly addNameRange     '4.8.1',
95 silly addNameRange     '3.16.2',
95 silly addNameRange     '4.8.2',
95 silly addNameRange     '3.16.3',
95 silly addNameRange     '3.16.4',
95 silly addNameRange     '4.8.3',
95 silly addNameRange     '3.16.5',
95 silly addNameRange     '3.16.6',
95 silly addNameRange     '4.8.4',
95 silly addNameRange     '3.16.7',
95 silly addNameRange     '4.8.5',
95 silly addNameRange     '3.16.8',
95 silly addNameRange     '4.8.6',
95 silly addNameRange     '3.16.9',
95 silly addNameRange     '4.8.7',
95 silly addNameRange     '3.16.10',
95 silly addNameRange     '4.8.8',
95 silly addNameRange     '3.17.0',
95 silly addNameRange     '3.17.1',
95 silly addNameRange     '4.9.0',
95 silly addNameRange     '3.17.2',
95 silly addNameRange     '4.9.1',
95 silly addNameRange     '4.9.2',
95 silly addNameRange     '3.17.3',
95 silly addNameRange     '4.9.3',
95 silly addNameRange     '3.17.4',
95 silly addNameRange     '4.9.4',
95 silly addNameRange     '3.17.5',
95 silly addNameRange     '4.9.5',
95 silly addNameRange     '3.17.6',
95 silly addNameRange     '3.17.7',
95 silly addNameRange     '4.9.6',
95 silly addNameRange     '4.9.7',
95 silly addNameRange     '3.17.8',
95 silly addNameRange     '4.9.8',
95 silly addNameRange     '3.18.0',
95 silly addNameRange     '3.18.1',
95 silly addNameRange     '4.10.0',
95 silly addNameRange     '3.18.2',
95 silly addNameRange     '4.10.1',
95 silly addNameRange     '5.0.0-alpha.1',
95 silly addNameRange     '3.18.3',
95 silly addNameRange     '4.10.2' ] ]
96 verbose addNamed [ 'express', '4.10.2' ]
97 verbose addNamed [ '4.10.2', '4.10.2' ]
98 silly lockFile 787e98b4-express-4-10-2 express@4.10.2
99 verbose lock express@4.10.2 /Users/maruyamanaofumi/.npm/787e98b4-express-4-10-2.lock
100 silly lockFile d0bb09e8-s-org-express-express-4-10-2-tgz https://registry.npmjs.org/express/-/express-4.10.2.tgz
101 verbose lock https://registry.npmjs.org/express/-/express-4.10.2.tgz /Users/maruyamanaofumi/.npm/d0bb09e8-s-org-express-express-4-10-2-tgz.lock
102 verbose addRemoteTarball [ 'https://registry.npmjs.org/express/-/express-4.10.2.tgz',
102 verbose addRemoteTarball   'df06dde94d968932829d440a2004c5efe64495b0' ]
103 info retry fetch attempt 1 at 09:40:29
104 verbose fetch to= /var/folders/ly/k76bjxh17t9g3sqss_t1bqhw0000gn/T/npm-3765-RPVEeov7/registry.npmjs.org/express/-/express-4.10.2.tgz
105 http GET https://registry.npmjs.org/express/-/express-4.10.2.tgz
106 http 200 https://registry.npmjs.org/express/-/express-4.10.2.tgz
107 silly lockFile d0bb09e8-s-org-express-express-4-10-2-tgz https://registry.npmjs.org/express/-/express-4.10.2.tgz
108 silly lockFile d0bb09e8-s-org-express-express-4-10-2-tgz https://registry.npmjs.org/express/-/express-4.10.2.tgz
109 silly lockFile 787e98b4-express-4-10-2 express@4.10.2
110 silly lockFile 787e98b4-express-4-10-2 express@4.10.2
111 silly lockFile aba69ddd-express-4-10-1 express@^4.10.1
112 silly lockFile aba69ddd-express-4-10-1 express@^4.10.1
113 error Error: EACCES, mkdir '/Users/maruyamanaofumi/.npm/express/4.10.2'
113 error  { [Error: EACCES, mkdir '/Users/maruyamanaofumi/.npm/express/4.10.2']
113 error   errno: 3,
113 error   code: 'EACCES',
113 error   path: '/Users/maruyamanaofumi/.npm/express/4.10.2',
113 error   parent: 'midterm' }
114 error Please try running this command again as root/Administrator.
115 error System Darwin 13.2.0
116 error command "node" "/usr/local/bin/npm" "install"
117 error cwd /Users/maruyamanaofumi/Desktop/midterm
118 error node -v v0.10.32
119 error npm -v 1.4.28
120 error path /Users/maruyamanaofumi/.npm/express/4.10.2
121 error code EACCES
122 error errno 3
123 error stack Error: EACCES, mkdir '/Users/maruyamanaofumi/.npm/express/4.10.2'
124 verbose exit [ 3, true ]
